CRITICAL - 2021-06-01 21:15:39 --> Undefined variable $pageTitle
#0 C:\xampp\htdocs\app\Views\Templates\header.php(35): CodeIgniter\Debug\Exceptions->errorHandler(2, 'Undefined varia...', 'C:\\xampp\\htdocs...', 35)
#1 C:\xampp\htdocs\system\View\View.php(230): include('C:\\xampp\\htdocs...')
#2 C:\xampp\htdocs\system\View\View.php(232): CodeIgniter\View\View->CodeIgniter\View\{closure}()
#3 C:\xampp\htdocs\system\Common.php(1250): CodeIgniter\View\View->render('Templates/heade...', Array, true)
#4 C:\xampp\htdocs\app\Controllers\Home.php(19): view('Templates/heade...')
#5 C:\xampp\htdocs\system\CodeIgniter.php(931): App\Controllers\Home->index()
#6 C:\xampp\htdocs\system\CodeIgniter.php(439): CodeIgniter\CodeIgniter->runController(Object(App\Controllers\Home))
#7 C:\xampp\htdocs\system\CodeIgniter.php(339): CodeIgniter\CodeIgniter->handleRequest(NULL, Object(Config\Cache), false)
#8 C:\xampp\htdocs\index.php(36): CodeIgniter\CodeIgniter->run()
#9 {main}
CRITICAL - 2021-06-01 21:15:44 --> Undefined variable $pageTitle
#0 C:\xampp\htdocs\app\Views\Templates\header.php(35): CodeIgniter\Debug\Exceptions->errorHandler(2, 'Undefined varia...', 'C:\\xampp\\htdocs...', 35)
#1 C:\xampp\htdocs\system\View\View.php(230): include('C:\\xampp\\htdocs...')
#2 C:\xampp\htdocs\system\View\View.php(232): CodeIgniter\View\View->CodeIgniter\View\{closure}()
#3 C:\xampp\htdocs\system\Common.php(1250): CodeIgniter\View\View->render('Templates/heade...', Array, true)
#4 C:\xampp\htdocs\app\Controllers\Home.php(19): view('Templates/heade...')
#5 C:\xampp\htdocs\system\CodeIgniter.php(931): App\Controllers\Home->index()
#6 C:\xampp\htdocs\system\CodeIgniter.php(439): CodeIgniter\CodeIgniter->runController(Object(App\Controllers\Home))
#7 C:\xampp\htdocs\system\CodeIgniter.php(339): CodeIgniter\CodeIgniter->handleRequest(NULL, Object(Config\Cache), false)
#8 C:\xampp\htdocs\index.php(36): CodeIgniter\CodeIgniter->run()
#9 {main}
CRITICAL - 2021-06-01 21:18:19 --> Undefined variable $pageTitle
#0 C:\xampp\htdocs\app\Views\Templates\header.php(35): CodeIgniter\Debug\Exceptions->errorHandler(2, 'Undefined varia...', 'C:\\xampp\\htdocs...', 35)
#1 C:\xampp\htdocs\system\View\View.php(230): include('C:\\xampp\\htdocs...')
#2 C:\xampp\htdocs\system\View\View.php(232): CodeIgniter\View\View->CodeIgniter\View\{closure}()
#3 C:\xampp\htdocs\system\Common.php(1250): CodeIgniter\View\View->render('Templates/heade...', Array, true)
#4 C:\xampp\htdocs\app\Controllers\Home.php(19): view('Templates/heade...')
#5 C:\xampp\htdocs\system\CodeIgniter.php(931): App\Controllers\Home->index()
#6 C:\xampp\htdocs\system\CodeIgniter.php(439): CodeIgniter\CodeIgniter->runController(Object(App\Controllers\Home))
#7 C:\xampp\htdocs\system\CodeIgniter.php(339): CodeIgniter\CodeIgniter->handleRequest(NULL, Object(Config\Cache), false)
#8 C:\xampp\htdocs\index.php(36): CodeIgniter\CodeIgniter->run()
#9 {main}
CRITICAL - 2021-06-01 21:21:47 --> Undefined variable $pageTitle
#0 C:\xampp\htdocs\app\Views\Templates\header.php(35): CodeIgniter\Debug\Exceptions->errorHandler(2, 'Undefined varia...', 'C:\\xampp\\htdocs...', 35)
#1 C:\xampp\htdocs\system\View\View.php(230): include('C:\\xampp\\htdocs...')
#2 C:\xampp\htdocs\system\View\View.php(232): CodeIgniter\View\View->CodeIgniter\View\{closure}()
#3 C:\xampp\htdocs\system\Common.php(1250): CodeIgniter\View\View->render('Templates/heade...', Array, true)
#4 C:\xampp\htdocs\app\Controllers\Home.php(19): view('Templates/heade...')
#5 C:\xampp\htdocs\system\CodeIgniter.php(931): App\Controllers\Home->index()
#6 C:\xampp\htdocs\system\CodeIgniter.php(439): CodeIgniter\CodeIgniter->runController(Object(App\Controllers\Home))
#7 C:\xampp\htdocs\system\CodeIgniter.php(339): CodeIgniter\CodeIgniter->handleRequest(NULL, Object(Config\Cache), false)
#8 C:\xampp\htdocs\index.php(36): CodeIgniter\CodeIgniter->run()
#9 {main}
CRITICAL - 2021-06-01 21:22:14 --> Undefined variable $pageTitle
#0 C:\xampp\htdocs\app\Views\Templates\header.php(35): CodeIgniter\Debug\Exceptions->errorHandler(2, 'Undefined varia...', 'C:\\xampp\\htdocs...', 35)
#1 C:\xampp\htdocs\system\View\View.php(230): include('C:\\xampp\\htdocs...')
#2 C:\xampp\htdocs\system\View\View.php(232): CodeIgniter\View\View->CodeIgniter\View\{closure}()
#3 C:\xampp\htdocs\system\Common.php(1250): CodeIgniter\View\View->render('Templates/heade...', Array, true)
#4 C:\xampp\htdocs\app\Controllers\Home.php(19): view('Templates/heade...')
#5 C:\xampp\htdocs\system\CodeIgniter.php(931): App\Controllers\Home->index()
#6 C:\xampp\htdocs\system\CodeIgniter.php(439): CodeIgniter\CodeIgniter->runController(Object(App\Controllers\Home))
#7 C:\xampp\htdocs\system\CodeIgniter.php(339): CodeIgniter\CodeIgniter->handleRequest(NULL, Object(Config\Cache), false)
#8 C:\xampp\htdocs\index.php(36): CodeIgniter\CodeIgniter->run()
#9 {main}
CRITICAL - 2021-06-01 21:23:26 --> Undefined variable $pageTitle
#0 C:\xampp\htdocs\app\Views\Templates\header.php(35): CodeIgniter\Debug\Exceptions->errorHandler(2, 'Undefined varia...', 'C:\\xampp\\htdocs...', 35)
#1 C:\xampp\htdocs\system\View\View.php(230): include('C:\\xampp\\htdocs...')
#2 C:\xampp\htdocs\system\View\View.php(232): CodeIgniter\View\View->CodeIgniter\View\{closure}()
#3 C:\xampp\htdocs\system\Common.php(1250): CodeIgniter\View\View->render('Templates/heade...', Array, true)
#4 C:\xampp\htdocs\app\Controllers\Home.php(19): view('Templates/heade...', Array)
#5 C:\xampp\htdocs\system\CodeIgniter.php(931): App\Controllers\Home->index()
#6 C:\xampp\htdocs\system\CodeIgniter.php(439): CodeIgniter\CodeIgniter->runController(Object(App\Controllers\Home))
#7 C:\xampp\htdocs\system\CodeIgniter.php(339): CodeIgniter\CodeIgniter->handleRequest(NULL, Object(Config\Cache), false)
#8 C:\xampp\htdocs\index.php(36): CodeIgniter\CodeIgniter->run()
#9 {main}
CRITICAL - 2021-06-01 21:23:27 --> Undefined variable $pageTitle
#0 C:\xampp\htdocs\app\Views\Templates\header.php(35): CodeIgniter\Debug\Exceptions->errorHandler(2, 'Undefined varia...', 'C:\\xampp\\htdocs...', 35)
#1 C:\xampp\htdocs\system\View\View.php(230): include('C:\\xampp\\htdocs...')
#2 C:\xampp\htdocs\system\View\View.php(232): CodeIgniter\View\View->CodeIgniter\View\{closure}()
#3 C:\xampp\htdocs\system\Common.php(1250): CodeIgniter\View\View->render('Templates/heade...', Array, true)
#4 C:\xampp\htdocs\app\Controllers\Home.php(19): view('Templates/heade...', Array)
#5 C:\xampp\htdocs\system\CodeIgniter.php(931): App\Controllers\Home->index()
#6 C:\xampp\htdocs\system\CodeIgniter.php(439): CodeIgniter\CodeIgniter->runController(Object(App\Controllers\Home))
#7 C:\xampp\htdocs\system\CodeIgniter.php(339): CodeIgniter\CodeIgniter->handleRequest(NULL, Object(Config\Cache), false)
#8 C:\xampp\htdocs\index.php(36): CodeIgniter\CodeIgniter->run()
#9 {main}
CRITICAL - 2021-06-01 21:23:27 --> Undefined variable $pageTitle
#0 C:\xampp\htdocs\app\Views\Templates\header.php(35): CodeIgniter\Debug\Exceptions->errorHandler(2, 'Undefined varia...', 'C:\\xampp\\htdocs...', 35)
#1 C:\xampp\htdocs\system\View\View.php(230): include('C:\\xampp\\htdocs...')
#2 C:\xampp\htdocs\system\View\View.php(232): CodeIgniter\View\View->CodeIgniter\View\{closure}()
#3 C:\xampp\htdocs\system\Common.php(1250): CodeIgniter\View\View->render('Templates/heade...', Array, true)
#4 C:\xampp\htdocs\app\Controllers\Home.php(19): view('Templates/heade...', Array)
#5 C:\xampp\htdocs\system\CodeIgniter.php(931): App\Controllers\Home->index()
#6 C:\xampp\htdocs\system\CodeIgniter.php(439): CodeIgniter\CodeIgniter->runController(Object(App\Controllers\Home))
#7 C:\xampp\htdocs\system\CodeIgniter.php(339): CodeIgniter\CodeIgniter->handleRequest(NULL, Object(Config\Cache), false)
#8 C:\xampp\htdocs\index.php(36): CodeIgniter\CodeIgniter->run()
#9 {main}
CRITICAL - 2021-06-01 21:27:18 --> Undefined variable $page_title
#0 C:\xampp\htdocs\app\Views\Templates\header.php(35): CodeIgniter\Debug\Exceptions->errorHandler(2, 'Undefined varia...', 'C:\\xampp\\htdocs...', 35)
#1 C:\xampp\htdocs\system\View\View.php(230): include('C:\\xampp\\htdocs...')
#2 C:\xampp\htdocs\system\View\View.php(232): CodeIgniter\View\View->CodeIgniter\View\{closure}()
#3 C:\xampp\htdocs\system\Common.php(1250): CodeIgniter\View\View->render('Templates/heade...', Array, true)
#4 C:\xampp\htdocs\app\Controllers\Home.php(19): view('Templates/heade...')
#5 C:\xampp\htdocs\system\CodeIgniter.php(931): App\Controllers\Home->index()
#6 C:\xampp\htdocs\system\CodeIgniter.php(439): CodeIgniter\CodeIgniter->runController(Object(App\Controllers\Home))
#7 C:\xampp\htdocs\system\CodeIgniter.php(339): CodeIgniter\CodeIgniter->handleRequest(NULL, Object(Config\Cache), false)
#8 C:\xampp\htdocs\index.php(36): CodeIgniter\CodeIgniter->run()
#9 {main}
CRITICAL - 2021-06-01 21:36:40 --> Undefined variable $page_title
#0 C:\xampp\htdocs\app\Views\my_welcome_message.php(18): CodeIgniter\Debug\Exceptions->errorHandler(2, 'Undefined varia...', 'C:\\xampp\\htdocs...', 18)
#1 C:\xampp\htdocs\system\View\View.php(230): include('C:\\xampp\\htdocs...')
#2 C:\xampp\htdocs\system\View\View.php(232): CodeIgniter\View\View->CodeIgniter\View\{closure}()
#3 C:\xampp\htdocs\system\Common.php(1250): CodeIgniter\View\View->render('my_welcome_mess...', Array, true)
#4 C:\xampp\htdocs\app\Controllers\Home.php(20): view('my_welcome_mess...', Array)
#5 C:\xampp\htdocs\system\CodeIgniter.php(931): App\Controllers\Home->index()
#6 C:\xampp\htdocs\system\CodeIgniter.php(439): CodeIgniter\CodeIgniter->runController(Object(App\Controllers\Home))
#7 C:\xampp\htdocs\system\CodeIgniter.php(339): CodeIgniter\CodeIgniter->handleRequest(NULL, Object(Config\Cache), false)
#8 C:\xampp\htdocs\index.php(36): CodeIgniter\CodeIgniter->run()
#9 {main}
CRITICAL - 2021-06-01 21:37:55 --> Undefined variable $pageTitle
#0 C:\xampp\htdocs\app\Views\Templates\header.php(35): CodeIgniter\Debug\Exceptions->errorHandler(2, 'Undefined varia...', 'C:\\xampp\\htdocs...', 35)
#1 C:\xampp\htdocs\system\View\View.php(230): include('C:\\xampp\\htdocs...')
#2 C:\xampp\htdocs\system\View\View.php(232): CodeIgniter\View\View->CodeIgniter\View\{closure}()
#3 C:\xampp\htdocs\system\Common.php(1250): CodeIgniter\View\View->render('Templates/heade...', Array, true)
#4 C:\xampp\htdocs\app\Controllers\Employee.php(11): view('Templates/heade...')
#5 C:\xampp\htdocs\system\CodeIgniter.php(931): App\Controllers\Employee->view()
#6 C:\xampp\htdocs\system\CodeIgniter.php(439): CodeIgniter\CodeIgniter->runController(Object(App\Controllers\Employee))
#7 C:\xampp\htdocs\system\CodeIgniter.php(339): CodeIgniter\CodeIgniter->handleRequest(NULL, Object(Config\Cache), false)
#8 C:\xampp\htdocs\index.php(36): CodeIgniter\CodeIgniter->run()
#9 {main}
CRITICAL - 2021-06-01 22:07:52 --> Constant expression contains invalid operations
#0 [internal function]: CodeIgniter\Debug\Exceptions->shutdownHandler()
#1 {main}
CRITICAL - 2021-06-01 22:13:59 --> Call to a member function get_employee() on null
#0 C:\xampp\htdocs\system\CodeIgniter.php(931): App\Controllers\Employee->view()
#1 C:\xampp\htdocs\system\CodeIgniter.php(439): CodeIgniter\CodeIgniter->runController(Object(App\Controllers\Employee))
#2 C:\xampp\htdocs\system\CodeIgniter.php(339): CodeIgniter\CodeIgniter->handleRequest(NULL, Object(Config\Cache), false)
#3 C:\xampp\htdocs\index.php(36): CodeIgniter\CodeIgniter->run()
#4 {main}
CRITICAL - 2021-06-01 22:15:09 --> Cannot call constructor
#0 C:\xampp\htdocs\system\CodeIgniter.php(903): App\Controllers\Employee->__construct()
#1 C:\xampp\htdocs\system\CodeIgniter.php(429): CodeIgniter\CodeIgniter->createController()
#2 C:\xampp\htdocs\system\CodeIgniter.php(339): CodeIgniter\CodeIgniter->handleRequest(NULL, Object(Config\Cache), false)
#3 C:\xampp\htdocs\index.php(36): CodeIgniter\CodeIgniter->run()
#4 {main}
CRITICAL - 2021-06-01 22:15:25 --> Cannot call constructor
#0 C:\xampp\htdocs\system\CodeIgniter.php(903): App\Controllers\Employee->__construct()
#1 C:\xampp\htdocs\system\CodeIgniter.php(429): CodeIgniter\CodeIgniter->createController()
#2 C:\xampp\htdocs\system\CodeIgniter.php(339): CodeIgniter\CodeIgniter->handleRequest(NULL, Object(Config\Cache), false)
#3 C:\xampp\htdocs\index.php(36): CodeIgniter\CodeIgniter->run()
#4 {main}
CRITICAL - 2021-06-01 22:15:55 --> Cannot call constructor
#0 C:\xampp\htdocs\system\CodeIgniter.php(903): App\Controllers\Employee->__construct()
#1 C:\xampp\htdocs\system\CodeIgniter.php(429): CodeIgniter\CodeIgniter->createController()
#2 C:\xampp\htdocs\system\CodeIgniter.php(339): CodeIgniter\CodeIgniter->handleRequest(NULL, Object(Config\Cache), false)
#3 C:\xampp\htdocs\index.php(36): CodeIgniter\CodeIgniter->run()
#4 {main}
CRITICAL - 2021-06-01 22:16:28 --> Cannot call constructor
#0 C:\xampp\htdocs\system\CodeIgniter.php(903): App\Controllers\Employee->__construct()
#1 C:\xampp\htdocs\system\CodeIgniter.php(429): CodeIgniter\CodeIgniter->createController()
#2 C:\xampp\htdocs\system\CodeIgniter.php(339): CodeIgniter\CodeIgniter->handleRequest(NULL, Object(Config\Cache), false)
#3 C:\xampp\htdocs\index.php(36): CodeIgniter\CodeIgniter->run()
#4 {main}
